Log saved to: /home/pi/2021-11-09_21h25m26s.log
Device manager connected to 192.168.1.10
Camera time set to: 2021-11-09 21:25:27
Device manager disconnected
Path to clean from old video files: /home/pi
Remove /home/pi/2021-11-02_12h13m20s.mp4
Remove /home/pi/2021-11-02_12h14m32s.mp4
Remove /home/pi/2021-11-02_12h16m31s.mp4
Remove /home/pi/2021-11-02_12h16m41s.mp4
Remove /home/pi/2021-11-02_12h17m08s.mp4
Remove /home/pi/2021-11-02_12h17m37s.mp4
Remove /home/pi/2021-11-02_12h17m49s.mp4
Remove /home/pi/2021-11-02_12h17m56s.mp4
Remove /home/pi/2021-11-02_12h19m29s.mp4
Remove /home/pi/2021-11-02_12h20m15s.mp4
Remove /home/pi/2021-11-02_12h20m42s.mp4
Remove /home/pi/2021-11-02_12h20m48s.mp4
Remove /home/pi/2021-11-02_12h21m48s.mp4
Remove /home/pi/2021-11-02_12h22m04s.mp4
Remove /home/pi/2021-11-02_12h22m35s.mp4
Remove /home/pi/2021-11-02_12h22m49s.mp4
Remove /home/pi/2021-11-02_12h23m00s.mp4
Remove /home/pi/2021-11-02_12h23m15s.mp4
Remove /home/pi/2021-11-02_12h24m38s.mp4
Remove /home/pi/2021-11-02_14h11m34s.mp4
Remove /home/pi/2021-11-02_14h14m00s.mp4
Remove /home/pi/2021-11-02_14h19m38s.mp4
2021-11-09 21:25:29.821 Open video input: rtsp://admin:@192.168.1.10
2021-11-09 21:25:30.822 Send SIGUSR1 to PID 19761 to terminate video processing
2021-11-09 21:25:32.254 Queue of size: 34 discharged at 3.92303 sec
2021-11-09 21:41:27.462 START MOTION ---------
2021-11-09 21:41:31.618 STOP MOTION ----------
2021-11-09 23:28:51.99 START MOTION ---------
2021-11-09 23:29:17.690 STOP MOTION ----------
2021-11-09 23:31:06.384 START MOTION ---------
2021-11-09 23:31:11.264 STOP MOTION ----------
2021-11-10 00:29:35.728 START MOTION ---------
2021-11-10 00:29:42.196 STOP MOTION ----------
restart motion process
send SIGUSR1 to 19761
wait 5 sec for process to finish
SIGUSR1 received

2021-11-10 03:00:01.913 SIGUSR1 received, terminating video processing
[22;31m2021-11-10 03:00:01.913 Terminate application
[0m2021-11-10 03:00:01.913 Waiting for worker threads to join
2021-11-10 03:00:01.916 Motion detection thread joined
2021-11-10 03:00:01.917 Write packets thread joined
