Log saved to: /home/pi/2021-11-06_18h33m11s.log
Device manager connected to 192.168.1.10
Camera time set to: 2021-11-06 18:33:12
Device manager disconnected
Path to clean from old video files: /home/pi
2021-11-06 18:33:14.943 Open video input: rtsp://admin:@192.168.1.10
2021-11-06 18:33:15.944 Send SIGUSR1 to PID 2303 to terminate video processing
2021-11-06 18:33:17.228 Queue of size: 34 discharged at 3.76919 sec
2021-11-06 18:51:55.923 START MOTION ---------
2021-11-06 18:52:02.799 STOP MOTION ----------
2021-11-06 19:06:44.428 START MOTION ---------
2021-11-06 19:06:47.38 STOP MOTION ----------
2021-11-06 19:18:12.832 START MOTION ---------
2021-11-06 19:18:18.799 STOP MOTION ----------
2021-11-06 19:20:09.522 START MOTION ---------
2021-11-06 19:20:15.431 STOP MOTION ----------
2021-11-06 19:45:30.570 START MOTION ---------
2021-11-06 19:45:42.399 STOP MOTION ----------
2021-11-06 19:47:45.674 START MOTION ---------
2021-11-06 19:48:51.580 STOP MOTION ----------
2021-11-06 20:01:35.525 START MOTION ---------
2021-11-06 20:02:13.368 STOP MOTION ----------
2021-11-06 21:10:01.729 START MOTION ---------
2021-11-06 21:10:05.791 STOP MOTION ----------
2021-11-06 21:19:26.119 START MOTION ---------
2021-11-06 21:21:13.224 STOP MOTION ----------
2021-11-06 21:43:47.94 START MOTION ---------
2021-11-06 21:44:20.693 STOP MOTION ----------
2021-11-06 21:44:38.477 START MOTION ---------
2021-11-06 21:45:03.647 STOP MOTION ----------
2021-11-06 23:21:53.254 START MOTION ---------
2021-11-06 23:21:59.601 STOP MOTION ----------
2021-11-06 23:47:07.662 START MOTION ---------
2021-11-06 23:47:14.401 STOP MOTION ----------
2021-11-07 00:07:28.925 START MOTION ---------
2021-11-07 00:07:34.595 STOP MOTION ----------
2021-11-07 00:07:57.331 START MOTION ---------
2021-11-07 00:08:15.176 STOP MOTION ----------
2021-11-07 01:02:10.990 START MOTION ---------
2021-11-07 01:02:20.824 STOP MOTION ----------
2021-11-07 01:02:44.592 START MOTION ---------
2021-11-07 01:02:48.21 STOP MOTION ----------
restart motion process
send SIGUSR1 to 2303
wait 5 sec for process to finish
SIGUSR1 received

2021-11-07 03:00:02.59 SIGUSR1 received, terminating video processing
[22;31m2021-11-07 03:00:02.59 Terminate application
[0m2021-11-07 03:00:02.59 Waiting for worker threads to join
2021-11-07 03:00:02.88 Motion detection thread joined
2021-11-07 03:00:02.88 Write packets thread joined
