Log saved to: /home/pi/2021-11-04_14h00m06s.log
Device manager connected to 192.168.1.10
Camera time set to: 2021-11-04 14:00:06
Device manager disconnected
Path to clean from old video files: /home/pi
2021-11-04 14:00:08.571 Open video input: rtsp://admin:@192.168.1.10
2021-11-04 14:00:09.573 Send SIGUSR1 to PID 9638 to terminate video processing
2021-11-04 14:00:14.410 Queue of size: 51 discharged at 6.64 sec
2021-11-04 14:01:25.632 START MOTION ---------
2021-11-04 14:02:01.447 STOP MOTION ----------
2021-11-04 14:02:15.8 START MOTION ---------
2021-11-04 14:02:19.141 STOP MOTION ----------
2021-11-04 14:02:26.552 START MOTION ---------
2021-11-04 14:02:42.498 STOP MOTION ----------
2021-11-04 14:02:56.627 START MOTION ---------
2021-11-04 14:03:11.93 STOP MOTION ----------
2021-11-04 14:03:57.349 START MOTION ---------
2021-11-04 14:04:11.536 STOP MOTION ----------
2021-11-04 14:10:13.391 START MOTION ---------
2021-11-04 14:10:28.121 STOP MOTION ----------
2021-11-04 14:13:00.207 START MOTION ---------
2021-11-04 14:13:06.405 STOP MOTION ----------
2021-11-04 14:13:42.972 START MOTION ---------
2021-11-04 14:13:51.50 STOP MOTION ----------
2021-11-04 14:25:47.327 START MOTION ---------
2021-11-04 14:25:52.43 STOP MOTION ----------
2021-11-04 14:27:11.927 START MOTION ---------
2021-11-04 14:27:18.881 STOP MOTION ----------
2021-11-04 14:28:48.29 START MOTION ---------
2021-11-04 14:28:51.374 STOP MOTION ----------
2021-11-04 14:43:57.208 START MOTION ---------
2021-11-04 14:44:04.837 STOP MOTION ----------
2021-11-04 14:45:06.304 START MOTION ---------
2021-11-04 14:45:11.157 STOP MOTION ----------
2021-11-04 14:45:30.183 START MOTION ---------
2021-11-04 14:45:32.62 STOP MOTION ----------
2021-11-04 14:49:09.30 START MOTION ---------
2021-11-04 14:49:11.203 STOP MOTION ----------
2021-11-04 14:58:58.157 START MOTION ---------
2021-11-04 14:59:06.558 STOP MOTION ----------
2021-11-04 15:05:43.3 START MOTION ---------
2021-11-04 15:05:45.4 STOP MOTION ----------
2021-11-04 15:06:32.812 START MOTION ---------
2021-11-04 15:06:43.928 STOP MOTION ----------
2021-11-04 15:07:11.996 START MOTION ---------
2021-11-04 15:07:21.961 STOP MOTION ----------
2021-11-04 15:20:46.73 START MOTION ---------
2021-11-04 15:20:55.438 STOP MOTION ----------
2021-11-04 15:22:18.785 START MOTION ---------
2021-11-04 15:22:29.936 STOP MOTION ----------
2021-11-04 15:31:12.898 START MOTION ---------
2021-11-04 15:31:14.868 STOP MOTION ----------
2021-11-04 15:31:53.370 START MOTION ---------
2021-11-04 15:31:54.824 STOP MOTION ----------
2021-11-04 15:57:35.578 START MOTION ---------
2021-11-04 15:57:37.458 STOP MOTION ----------
2021-11-04 16:03:13.464 START MOTION ---------
2021-11-04 16:03:15.489 STOP MOTION ----------
2021-11-04 16:03:54.464 START MOTION ---------
2021-11-04 16:04:08.482 STOP MOTION ----------
2021-11-04 16:04:13.575 START MOTION ---------
2021-11-04 16:04:19.607 STOP MOTION ----------
2021-11-04 16:16:32.56 START MOTION ---------
2021-11-04 16:16:47.381 STOP MOTION ----------
2021-11-04 16:34:41.71 START MOTION ---------
2021-11-04 16:35:03.443 STOP MOTION ----------
2021-11-04 16:38:00.911 START MOTION ---------
2021-11-04 16:38:08.355 STOP MOTION ----------
2021-11-04 16:38:20.906 START MOTION ---------
2021-11-04 16:38:23.235 STOP MOTION ----------
2021-11-04 16:41:17.811 START MOTION ---------
2021-11-04 16:41:23.965 STOP MOTION ----------
2021-11-04 16:42:21.70 START MOTION ---------
2021-11-04 16:42:26.1 STOP MOTION ----------
2021-11-04 17:42:29.616 START MOTION ---------
2021-11-04 17:42:58.720 STOP MOTION ----------
2021-11-04 17:43:38.233 START MOTION ---------
2021-11-04 17:44:26.18 STOP MOTION ----------
2021-11-04 17:44:52.701 START MOTION ---------
2021-11-04 17:45:04.633 STOP MOTION ----------
2021-11-04 18:00:10.959 START MOTION ---------
2021-11-04 18:00:25.376 STOP MOTION ----------
2021-11-04 18:00:57.112 START MOTION ---------
2021-11-04 18:01:13.378 STOP MOTION ----------
2021-11-04 18:06:18.582 START MOTION ---------
2021-11-04 18:06:44.196 STOP MOTION ----------
2021-11-04 18:11:41.657 START MOTION ---------
2021-11-04 18:11:52.700 STOP MOTION ----------
2021-11-04 18:22:21.84 START MOTION ---------
2021-11-04 18:22:24.279 STOP MOTION ----------
2021-11-04 18:22:30.932 START MOTION ---------
2021-11-04 18:22:49.638 STOP MOTION ----------
2021-11-04 18:23:01.579 START MOTION ---------
2021-11-04 18:23:32.920 STOP MOTION ----------
2021-11-04 18:23:47.799 START MOTION ---------
2021-11-04 18:24:23.951 STOP MOTION ----------
2021-11-04 18:25:23.933 START MOTION ---------
2021-11-04 18:25:33.622 STOP MOTION ----------
2021-11-04 18:25:46.169 START MOTION ---------
2021-11-04 18:25:53.481 STOP MOTION ----------
2021-11-04 18:26:49.281 START MOTION ---------
2021-11-04 18:27:34.883 STOP MOTION ----------
2021-11-04 18:32:23.483 START MOTION ---------
2021-11-04 18:32:33.550 STOP MOTION ----------
2021-11-04 18:40:36.128 START MOTION ---------
2021-11-04 18:41:07.164 STOP MOTION ----------
2021-11-04 18:51:21.944 START MOTION ---------
2021-11-04 18:51:25.953 STOP MOTION ----------
2021-11-04 18:51:37.626 START MOTION ---------
2021-11-04 18:51:44.349 STOP MOTION ----------
2021-11-04 19:01:57.859 START MOTION ---------
2021-11-04 19:02:05.951 STOP MOTION ----------
2021-11-04 19:15:18.51 START MOTION ---------
2021-11-04 19:15:27.531 STOP MOTION ----------
2021-11-04 19:25:14.694 START MOTION ---------
2021-11-04 19:26:04.359 STOP MOTION ----------
2021-11-04 20:11:19.709 START MOTION ---------
2021-11-04 20:11:35.304 STOP MOTION ----------
2021-11-04 20:13:44.488 START MOTION ---------
2021-11-04 20:13:49.764 STOP MOTION ----------
2021-11-04 20:15:34.541 START MOTION ---------
2021-11-04 20:15:41.98 STOP MOTION ----------
2021-11-04 21:07:35.768 START MOTION ---------
2021-11-04 21:07:42.473 STOP MOTION ----------
2021-11-04 21:18:02.71 START MOTION ---------
2021-11-04 21:18:10.459 STOP MOTION ----------
2021-11-04 21:34:19.118 START MOTION ---------
2021-11-04 21:34:31.831 STOP MOTION ----------
2021-11-04 21:46:28.527 START MOTION ---------
2021-11-04 21:46:33.324 STOP MOTION ----------
2021-11-04 22:18:12.241 START MOTION ---------
2021-11-04 22:18:34.234 STOP MOTION ----------
2021-11-04 22:45:32.392 START MOTION ---------
2021-11-04 22:46:05.507 STOP MOTION ----------
2021-11-04 22:46:13.435 START MOTION ---------
2021-11-04 22:46:54.320 STOP MOTION ----------
2021-11-04 22:52:13.860 START MOTION ---------
2021-11-04 22:52:31.766 STOP MOTION ----------
2021-11-05 03:57:05.289 START MOTION ---------
2021-11-05 03:57:14.321 STOP MOTION ----------
2021-11-05 05:44:06.697 START MOTION ---------
2021-11-05 05:44:17.104 STOP MOTION ----------
2021-11-05 06:00:47.114 START MOTION ---------
2021-11-05 06:00:54.464 STOP MOTION ----------
2021-11-05 07:01:59.283 START MOTION ---------
2021-11-05 07:02:03.42 STOP MOTION ----------
2021-11-05 07:06:46.291 START MOTION ---------
2021-11-05 07:06:53.100 STOP MOTION ----------
2021-11-05 07:07:24.69 START MOTION ---------
2021-11-05 07:07:30.613 STOP MOTION ----------
2021-11-05 07:13:54.64 START MOTION ---------
2021-11-05 07:13:55.892 STOP MOTION ----------
2021-11-05 07:24:22.960 START MOTION ---------
2021-11-05 07:24:24.929 STOP MOTION ----------
2021-11-05 07:47:57.476 START MOTION ---------
2021-11-05 07:48:02.662 STOP MOTION ----------
2021-11-05 07:48:15.285 START MOTION ---------
2021-11-05 07:48:18.781 STOP MOTION ----------
2021-11-05 07:48:31.349 START MOTION ---------
2021-11-05 07:48:34.739 STOP MOTION ----------
2021-11-05 07:48:47.349 START MOTION ---------
2021-11-05 07:48:51.666 STOP MOTION ----------
2021-11-05 08:02:22.507 START MOTION ---------
2021-11-05 08:02:28.454 STOP MOTION ----------
2021-11-05 08:04:18.607 START MOTION ---------
2021-11-05 08:04:28.318 STOP MOTION ----------
2021-11-05 08:09:58.325 START MOTION ---------
2021-11-05 08:10:06.200 STOP MOTION ----------
2021-11-05 08:11:18.350 START MOTION ---------
2021-11-05 08:12:13.567 STOP MOTION ----------
2021-11-05 08:13:52.569 START MOTION ---------
2021-11-05 08:14:04.204 STOP MOTION ----------
2021-11-05 08:16:00.521 START MOTION ---------
2021-11-05 08:16:04.630 STOP MOTION ----------
2021-11-05 08:19:06.516 START MOTION ---------
2021-11-05 08:19:08.388 STOP MOTION ----------
2021-11-05 08:30:55.44 START MOTION ---------
2021-11-05 08:31:01.282 STOP MOTION ----------
2021-11-05 08:31:45.848 START MOTION ---------
2021-11-05 08:31:51.842 STOP MOTION ----------
2021-11-05 08:32:57.487 START MOTION ---------
2021-11-05 08:33:03.266 STOP MOTION ----------
2021-11-05 08:44:53.164 START MOTION ---------
2021-11-05 08:44:55.204 STOP MOTION ----------
2021-11-05 08:46:46.200 START MOTION ---------
2021-11-05 08:46:53.226 STOP MOTION ----------
2021-11-05 08:47:33.284 START MOTION ---------
2021-11-05 08:47:37.762 STOP MOTION ----------
2021-11-05 08:49:42.4 START MOTION ---------
2021-11-05 08:49:44.971 STOP MOTION ----------
2021-11-05 08:55:55.878 START MOTION ---------
2021-11-05 08:56:44.941 STOP MOTION ----------
2021-11-05 08:58:12.929 START MOTION ---------
2021-11-05 08:58:16.5 STOP MOTION ----------
2021-11-05 09:01:41.616 START MOTION ---------
2021-11-05 09:01:43.205 STOP MOTION ----------
2021-11-05 09:03:32.999 START MOTION ---------
2021-11-05 09:03:39.78 STOP MOTION ----------
2021-11-05 09:03:45.233 START MOTION ---------
2021-11-05 09:03:55.605 STOP MOTION ----------
2021-11-05 09:24:08.902 START MOTION ---------
2021-11-05 09:24:11.83 STOP MOTION ----------
2021-11-05 09:24:56.658 START MOTION ---------
2021-11-05 09:24:58.934 STOP MOTION ----------
2021-11-05 09:34:47.914 START MOTION ---------
2021-11-05 09:34:49.847 STOP MOTION ----------
2021-11-05 09:46:41.896 START MOTION ---------
2021-11-05 09:46:46.376 STOP MOTION ----------
2021-11-05 09:53:42.285 START MOTION ---------
2021-11-05 09:53:46.587 STOP MOTION ----------
2021-11-05 09:59:01.818 START MOTION ---------
2021-11-05 09:59:03.594 STOP MOTION ----------
2021-11-05 10:19:04.464 START MOTION ---------
2021-11-05 10:19:07.987 STOP MOTION ----------
2021-11-05 10:25:28.566 START MOTION ---------
2021-11-05 10:25:33.914 STOP MOTION ----------
2021-11-05 10:50:57.276 START MOTION ---------
2021-11-05 10:51:13.791 STOP MOTION ----------
2021-11-05 10:51:16.719 START MOTION ---------
2021-11-05 10:51:21.790 STOP MOTION ----------
2021-11-05 10:51:42.409 START MOTION ---------
2021-11-05 10:51:44.157 STOP MOTION ----------
2021-11-05 10:51:47.158 START MOTION ---------
2021-11-05 10:52:03.75 STOP MOTION ----------
2021-11-05 10:55:48.374 START MOTION ---------
2021-11-05 10:56:08.918 STOP MOTION ----------
2021-11-05 10:56:38.60 START MOTION ---------
2021-11-05 10:56:41.940 STOP MOTION ----------
2021-11-05 10:56:53.101 START MOTION ---------
2021-11-05 10:57:02.884 STOP MOTION ----------
2021-11-05 10:57:25.984 START MOTION ---------
2021-11-05 10:57:28.319 STOP MOTION ----------
2021-11-05 11:12:08.80 START MOTION ---------
2021-11-05 11:12:09.979 STOP MOTION ----------
2021-11-05 11:12:20.11 START MOTION ---------
2021-11-05 11:12:22.35 STOP MOTION ----------
2021-11-05 11:14:31.936 START MOTION ---------
2021-11-05 11:14:39.896 STOP MOTION ----------
2021-11-05 11:16:59.12 START MOTION ---------
2021-11-05 11:17:00.993 STOP MOTION ----------
2021-11-05 11:17:18.951 START MOTION ---------
2021-11-05 11:17:21.30 STOP MOTION ----------
2021-11-05 11:18:43.660 START MOTION ---------
2021-11-05 11:18:51.671 STOP MOTION ----------
2021-11-05 11:18:58.935 START MOTION ---------
2021-11-05 11:19:26.899 STOP MOTION ----------
2021-11-05 11:19:50.575 START MOTION ---------
2021-11-05 11:20:07.845 STOP MOTION ----------
2021-11-05 11:21:08.51 START MOTION ---------
2021-11-05 11:21:09.916 STOP MOTION ----------
2021-11-05 11:25:50.597 START MOTION ---------
2021-11-05 11:26:00.843 STOP MOTION ----------
2021-11-05 11:28:21.29 START MOTION ---------
2021-11-05 11:28:53.458 STOP MOTION ----------
2021-11-05 11:31:07.62 START MOTION ---------
2021-11-05 11:31:12.625 STOP MOTION ----------
2021-11-05 11:31:30.910 START MOTION ---------
2021-11-05 11:31:39.781 STOP MOTION ----------
2021-11-05 11:32:12.92 START MOTION ---------
2021-11-05 11:32:16.736 STOP MOTION ----------
2021-11-05 11:32:30.988 START MOTION ---------
2021-11-05 11:32:33.613 STOP MOTION ----------
2021-11-05 11:33:32.85 START MOTION ---------
2021-11-05 11:33:42.900 STOP MOTION ----------
2021-11-05 11:34:48.887 START MOTION ---------
2021-11-05 11:34:55.762 STOP MOTION ----------
2021-11-05 11:35:16.401 START MOTION ---------
2021-11-05 11:35:19.50 STOP MOTION ----------
2021-11-05 11:36:02.903 START MOTION ---------
2021-11-05 11:36:08.422 STOP MOTION ----------
2021-11-05 11:37:59.896 START MOTION ---------
2021-11-05 11:38:05.684 STOP MOTION ----------
2021-11-05 11:40:19.476 START MOTION ---------
2021-11-05 11:40:27.503 STOP MOTION ----------
2021-11-05 11:40:29.905 START MOTION ---------
2021-11-05 11:40:34.504 STOP MOTION ----------
2021-11-05 11:41:42.820 START MOTION ---------
2021-11-05 11:41:50.792 STOP MOTION ----------
2021-11-05 11:42:58.724 START MOTION ---------
2021-11-05 11:43:02.998 STOP MOTION ----------
2021-11-05 11:46:36.424 START MOTION ---------
2021-11-05 11:46:38.778 STOP MOTION ----------
2021-11-05 11:57:59.448 START MOTION ---------
2021-11-05 11:58:16.855 STOP MOTION ----------
2021-11-05 11:58:24.708 START MOTION ---------
2021-11-05 11:58:28.626 STOP MOTION ----------
2021-11-05 11:58:32.708 START MOTION ---------
2021-11-05 11:58:38.754 STOP MOTION ----------
2021-11-05 11:59:59.537 START MOTION ---------
2021-11-05 12:00:14.492 STOP MOTION ----------
2021-11-05 12:10:06.502 START MOTION ---------
2021-11-05 12:10:16.378 STOP MOTION ----------
2021-11-05 12:13:10.636 START MOTION ---------
2021-11-05 12:13:15.382 STOP MOTION ----------
2021-11-05 12:15:03.541 START MOTION ---------
2021-11-05 12:15:18.164 STOP MOTION ----------
2021-11-05 12:30:50.314 START MOTION ---------
2021-11-05 12:30:55.184 STOP MOTION ----------
2021-11-05 12:38:41.450 START MOTION ---------
2021-11-05 12:38:45.502 STOP MOTION ----------
2021-11-05 12:42:35.470 START MOTION ---------
2021-11-05 12:42:39.825 STOP MOTION ----------
2021-11-05 12:49:15.895 START MOTION ---------
2021-11-05 12:49:22.335 STOP MOTION ----------
2021-11-05 12:49:57.933 START MOTION ---------
2021-11-05 12:50:04.93 STOP MOTION ----------
2021-11-05 13:03:26.99 START MOTION ---------
2021-11-05 13:03:28.126 STOP MOTION ----------
2021-11-05 13:09:20.998 START MOTION ---------
2021-11-05 13:09:25.223 STOP MOTION ----------
2021-11-05 13:10:13.249 START MOTION ---------
2021-11-05 13:10:21.785 STOP MOTION ----------
2021-11-05 13:11:12.244 START MOTION ---------
2021-11-05 13:11:14.620 STOP MOTION ----------
2021-11-05 13:11:39.630 START MOTION ---------
2021-11-05 13:11:42.973 STOP MOTION ----------
2021-11-05 13:13:47.893 START MOTION ---------
2021-11-05 13:13:57.652 STOP MOTION ----------
2021-11-05 13:16:22.123 START MOTION ---------
2021-11-05 13:16:27.50 STOP MOTION ----------
2021-11-05 13:32:53.556 START MOTION ---------
2021-11-05 13:33:09.421 STOP MOTION ----------
2021-11-05 13:33:39.872 START MOTION ---------
2021-11-05 13:33:58.425 STOP MOTION ----------
2021-11-05 13:34:46.552 START MOTION ---------
2021-11-05 13:34:51.626 STOP MOTION ----------
2021-11-05 13:39:33.806 START MOTION ---------
2021-11-05 13:39:56.391 STOP MOTION ----------
2021-11-05 13:41:31.974 START MOTION ---------
2021-11-05 13:41:40.628 STOP MOTION ----------
2021-11-05 13:47:01.919 START MOTION ---------
2021-11-05 13:47:04.749 STOP MOTION ----------
2021-11-05 13:47:33.776 START MOTION ---------
2021-11-05 13:47:39.452 STOP MOTION ----------
2021-11-05 13:51:45.378 START MOTION ---------
2021-11-05 13:51:50.574 STOP MOTION ----------
2021-11-05 13:52:45.871 START MOTION ---------
2021-11-05 13:52:49.406 STOP MOTION ----------
2021-11-05 13:53:55.273 START MOTION ---------
2021-11-05 13:53:58.251 STOP MOTION ----------
2021-11-05 13:55:02.600 START MOTION ---------
2021-11-05 13:55:07.675 STOP MOTION ----------
2021-11-05 13:55:47.231 START MOTION ---------
2021-11-05 13:55:51.618 STOP MOTION ----------
2021-11-05 13:56:35.419 START MOTION ---------
2021-11-05 13:56:39.453 STOP MOTION ----------
restart motion process
send SIGUSR1 to 9638
SIGUSR1 received
wait 5 sec for process to finish

2021-11-05 14:00:01.775 SIGUSR1 received, terminating video processing
[22;31m2021-11-05 14:00:01.776 Terminate application
[0m2021-11-05 14:00:01.776 Waiting for worker threads to join
2021-11-05 14:00:01.806 Motion detection thread joined
2021-11-05 14:00:01.806 Write packets thread joined
