Log saved to: /home/pi/2021-11-08_03h00m06s.log
Device manager connected to 192.168.1.10
Camera time set to: 2021-11-08 03:00:06
Device manager disconnected
Path to clean from old video files: /home/pi
Remove /home/pi/2021-10-31_14h42m05s.mp4
Remove /home/pi/2021-10-31_14h59m58s.mp4
2021-11-08 03:00:09.727 Open video input: rtsp://admin:@192.168.1.10
2021-11-08 03:00:10.728 Send SIGUSR1 to PID 9817 to terminate video processing
2021-11-08 03:00:12.268 Queue of size: 35 discharged at 3.99996 sec
2021-11-08 03:00:32.730 START MOTION ---------
2021-11-08 03:01:35.919 STOP MOTION ----------
2021-11-08 04:10:47.841 START MOTION ---------
2021-11-08 04:10:58.3 STOP MOTION ----------
2021-11-08 05:34:13.238 START MOTION ---------
2021-11-08 05:35:13.316 STOP MOTION ----------
2021-11-08 05:45:37.463 START MOTION ---------
2021-11-08 05:45:44.492 STOP MOTION ----------
2021-11-08 06:55:49.553 START MOTION ---------
2021-11-08 06:56:14.589 STOP MOTION ----------
2021-11-08 06:56:22.126 START MOTION ---------
2021-11-08 06:56:39.702 STOP MOTION ----------
2021-11-08 07:00:03.521 START MOTION ---------
2021-11-08 07:00:09.190 STOP MOTION ----------
2021-11-08 07:00:46.92 START MOTION ---------
2021-11-08 07:00:52.315 STOP MOTION ----------
2021-11-08 07:01:37.117 START MOTION ---------
2021-11-08 07:01:43.664 STOP MOTION ----------
2021-11-08 07:06:39.964 START MOTION ---------
2021-11-08 07:06:44.5 STOP MOTION ----------
2021-11-08 07:11:40.446 START MOTION ---------
2021-11-08 07:11:49.294 STOP MOTION ----------
2021-11-08 07:14:24.513 START MOTION ---------
2021-11-08 07:14:35.640 STOP MOTION ----------
2021-11-08 07:15:40.769 START MOTION ---------
2021-11-08 07:15:58.768 STOP MOTION ----------
2021-11-08 07:18:09.631 START MOTION ---------
2021-11-08 07:18:21.706 STOP MOTION ----------
2021-11-08 07:18:36.442 START MOTION ---------
2021-11-08 07:18:41.934 STOP MOTION ----------
2021-11-08 07:19:01.801 START MOTION ---------
2021-11-08 07:19:25.717 STOP MOTION ----------
2021-11-08 07:23:57.556 START MOTION ---------
2021-11-08 07:24:06.624 STOP MOTION ----------
2021-11-08 07:25:45.578 START MOTION ---------
2021-11-08 07:25:53.557 STOP MOTION ----------
2021-11-08 07:33:34.661 START MOTION ---------
2021-11-08 07:33:38.706 STOP MOTION ----------
2021-11-08 07:36:38.390 START MOTION ---------
2021-11-08 07:36:44.891 STOP MOTION ----------
2021-11-08 07:38:09.849 START MOTION ---------
2021-11-08 07:38:13.644 STOP MOTION ----------
2021-11-08 07:39:01.329 START MOTION ---------
2021-11-08 07:39:03.577 STOP MOTION ----------
2021-11-08 07:39:07.678 START MOTION ---------
2021-11-08 07:39:16.834 STOP MOTION ----------
2021-11-08 07:42:32.843 START MOTION ---------
2021-11-08 07:42:48.652 STOP MOTION ----------
2021-11-08 07:42:53.628 START MOTION ---------
2021-11-08 07:43:13.228 STOP MOTION ----------
2021-11-08 07:59:16.595 START MOTION ---------
2021-11-08 07:59:24.54 STOP MOTION ----------
2021-11-08 08:00:10.102 START MOTION ---------
2021-11-08 08:00:12.575 STOP MOTION ----------
2021-11-08 08:07:30.127 START MOTION ---------
2021-11-08 08:07:41.87 STOP MOTION ----------
2021-11-08 08:08:20.217 START MOTION ---------
2021-11-08 08:08:27.428 STOP MOTION ----------
2021-11-08 08:14:23.44 START MOTION ---------
2021-11-08 08:14:27.205 STOP MOTION ----------
2021-11-08 08:26:25.102 START MOTION ---------
2021-11-08 08:26:30.347 STOP MOTION ----------
2021-11-08 08:33:06.238 START MOTION ---------
2021-11-08 08:33:11.203 STOP MOTION ----------
2021-11-08 08:38:41.133 START MOTION ---------
2021-11-08 08:38:52.107 STOP MOTION ----------
2021-11-08 08:49:08.704 START MOTION ---------
2021-11-08 08:49:13.149 STOP MOTION ----------
2021-11-08 08:51:41.629 START MOTION ---------
2021-11-08 08:51:44.913 STOP MOTION ----------
2021-11-08 08:54:36.807 START MOTION ---------
2021-11-08 08:54:50.196 STOP MOTION ----------
2021-11-08 09:08:34.801 START MOTION ---------
2021-11-08 09:08:41.74 STOP MOTION ----------
2021-11-08 09:10:17.598 START MOTION ---------
2021-11-08 09:10:21.824 STOP MOTION ----------
2021-11-08 09:17:46.729 START MOTION ---------
2021-11-08 09:17:59.892 STOP MOTION ----------
2021-11-08 09:46:29.367 START MOTION ---------
2021-11-08 09:46:43.431 STOP MOTION ----------
2021-11-08 09:50:22.350 START MOTION ---------
2021-11-08 09:50:33.34 STOP MOTION ----------
2021-11-08 09:57:10.73 START MOTION ---------
2021-11-08 09:57:13.446 STOP MOTION ----------
2021-11-08 09:57:25.404 START MOTION ---------
2021-11-08 09:57:40.635 STOP MOTION ----------
2021-11-08 09:58:00.627 START MOTION ---------
2021-11-08 09:58:03.169 STOP MOTION ----------
2021-11-08 09:58:06.129 START MOTION ---------
2021-11-08 09:58:19.376 STOP MOTION ----------
2021-11-08 09:58:23.156 START MOTION ---------
2021-11-08 09:58:33.483 STOP MOTION ----------
2021-11-08 09:59:00.591 START MOTION ---------
2021-11-08 09:59:07.43 STOP MOTION ----------
2021-11-08 09:59:25.134 START MOTION ---------
2021-11-08 09:59:42.404 STOP MOTION ----------
2021-11-08 10:01:37.336 START MOTION ---------
2021-11-08 10:01:42.172 STOP MOTION ----------
2021-11-08 10:03:38.162 START MOTION ---------
2021-11-08 10:03:44.583 STOP MOTION ----------
2021-11-08 10:06:05.351 START MOTION ---------
2021-11-08 10:06:08.205 STOP MOTION ----------
2021-11-08 10:23:33.735 START MOTION ---------
2021-11-08 10:23:37.125 STOP MOTION ----------
2021-11-08 10:23:42.58 START MOTION ---------
2021-11-08 10:23:52.173 STOP MOTION ----------
2021-11-08 10:31:36.292 START MOTION ---------
2021-11-08 10:31:41.822 STOP MOTION ----------
2021-11-08 10:47:14.753 START MOTION ---------
2021-11-08 10:47:51.994 STOP MOTION ----------
2021-11-08 10:48:46.178 START MOTION ---------
2021-11-08 10:48:49.174 STOP MOTION ----------
2021-11-08 10:49:01.26 START MOTION ---------
2021-11-08 10:49:07.135 STOP MOTION ----------
2021-11-08 10:49:18.185 START MOTION ---------
2021-11-08 10:49:22.184 STOP MOTION ----------
2021-11-08 11:06:35.672 START MOTION ---------
2021-11-08 11:06:40.716 STOP MOTION ----------
2021-11-08 11:30:45.379 START MOTION ---------
2021-11-08 11:30:47.722 STOP MOTION ----------
2021-11-08 11:30:52.196 START MOTION ---------
2021-11-08 11:31:01.410 STOP MOTION ----------
2021-11-08 12:06:55.327 START MOTION ---------
2021-11-08 12:07:02.184 STOP MOTION ----------
2021-11-08 12:07:32.445 START MOTION ---------
2021-11-08 12:07:38.968 STOP MOTION ----------
2021-11-08 12:07:44.278 START MOTION ---------
2021-11-08 12:07:50.882 STOP MOTION ----------
2021-11-08 12:18:22.237 START MOTION ---------
2021-11-08 12:18:34.721 STOP MOTION ----------
2021-11-08 12:21:26.137 START MOTION ---------
2021-11-08 12:21:33.343 STOP MOTION ----------
2021-11-08 12:26:52.869 START MOTION ---------
2021-11-08 12:26:57.156 STOP MOTION ----------
2021-11-08 12:49:43.98 START MOTION ---------
2021-11-08 12:49:47.553 STOP MOTION ----------
2021-11-08 12:49:49.635 START MOTION ---------
2021-11-08 12:50:23.63 STOP MOTION ----------
2021-11-08 12:50:25.937 START MOTION ---------
2021-11-08 12:50:32.482 STOP MOTION ----------
2021-11-08 12:56:02.810 START MOTION ---------
2021-11-08 12:56:06.809 STOP MOTION ----------
2021-11-08 12:57:53.674 START MOTION ---------
2021-11-08 12:57:58.798 STOP MOTION ----------
2021-11-08 12:58:05.480 START MOTION ---------
2021-11-08 12:58:23.747 STOP MOTION ----------
2021-11-08 13:03:06.512 START MOTION ---------
2021-11-08 13:03:11.716 STOP MOTION ----------
2021-11-08 13:10:56.717 START MOTION ---------
2021-11-08 13:11:03.881 STOP MOTION ----------
2021-11-08 13:18:04.722 START MOTION ---------
2021-11-08 13:18:09.592 STOP MOTION ----------
2021-11-08 13:19:11.252 START MOTION ---------
2021-11-08 13:19:20.334 STOP MOTION ----------
2021-11-08 13:23:52.612 START MOTION ---------
2021-11-08 13:24:02.763 STOP MOTION ----------
2021-11-08 13:30:26.635 START MOTION ---------
2021-11-08 13:30:35.634 STOP MOTION ----------
2021-11-08 13:31:08.380 START MOTION ---------
2021-11-08 13:31:22.697 STOP MOTION ----------
2021-11-08 13:34:46.706 START MOTION ---------
2021-11-08 13:34:49.469 STOP MOTION ----------
2021-11-08 13:35:29.981 START MOTION ---------
2021-11-08 13:35:31.692 STOP MOTION ----------
2021-11-08 13:36:28.72 START MOTION ---------
2021-11-08 13:36:38.544 STOP MOTION ----------
2021-11-08 13:45:15.229 START MOTION ---------
2021-11-08 13:45:20.429 STOP MOTION ----------
2021-11-08 13:52:54.983 START MOTION ---------
2021-11-08 13:53:06.16 STOP MOTION ----------
2021-11-08 13:53:08.318 START MOTION ---------
2021-11-08 13:53:16.76 STOP MOTION ----------
2021-11-08 13:53:27.131 START MOTION ---------
2021-11-08 13:53:30.418 STOP MOTION ----------
2021-11-08 13:54:02.180 START MOTION ---------
2021-11-08 13:54:18.486 STOP MOTION ----------
2021-11-08 13:54:32.433 START MOTION ---------
2021-11-08 13:54:54.82 STOP MOTION ----------
2021-11-08 14:01:08.234 START MOTION ---------
2021-11-08 14:01:20.319 STOP MOTION ----------
2021-11-08 14:07:21.410 START MOTION ---------
2021-11-08 14:07:28.889 STOP MOTION ----------
2021-11-08 14:36:33.590 START MOTION ---------
2021-11-08 14:36:44.858 STOP MOTION ----------
2021-11-08 14:52:17.841 START MOTION ---------
2021-11-08 14:52:24.857 STOP MOTION ----------
2021-11-08 15:10:19.658 START MOTION ---------
2021-11-08 15:10:47.280 STOP MOTION ----------
2021-11-08 15:12:31.345 START MOTION ---------
2021-11-08 15:12:45.549 STOP MOTION ----------
2021-11-08 15:13:25.467 START MOTION ---------
2021-11-08 15:13:37.805 STOP MOTION ----------
2021-11-08 15:21:59.299 START MOTION ---------
2021-11-08 15:22:06.589 STOP MOTION ----------
2021-11-08 15:22:14.239 START MOTION ---------
2021-11-08 15:22:18.444 STOP MOTION ----------
2021-11-08 15:24:12.475 START MOTION ---------
2021-11-08 15:24:29.584 STOP MOTION ----------
2021-11-08 15:36:38.509 START MOTION ---------
2021-11-08 15:36:45.448 STOP MOTION ----------
2021-11-08 15:38:25.615 START MOTION ---------
2021-11-08 15:38:42.978 STOP MOTION ----------
2021-11-08 15:40:58.395 START MOTION ---------
2021-11-08 15:41:17.330 STOP MOTION ----------
2021-11-08 15:41:28.550 START MOTION ---------
2021-11-08 15:41:35.372 STOP MOTION ----------
2021-11-08 15:42:29.463 START MOTION ---------
2021-11-08 15:42:35.464 STOP MOTION ----------
2021-11-08 15:43:16.274 START MOTION ---------
2021-11-08 15:43:20.3 STOP MOTION ----------
2021-11-08 15:44:22.985 START MOTION ---------
2021-11-08 15:44:30.500 STOP MOTION ----------
2021-11-08 15:45:11.381 START MOTION ---------
2021-11-08 15:45:16.64 STOP MOTION ----------
2021-11-08 15:52:56.954 START MOTION ---------
2021-11-08 15:53:01.878 STOP MOTION ----------
2021-11-08 15:55:54.403 START MOTION ---------
2021-11-08 15:56:02.50 STOP MOTION ----------
2021-11-08 15:57:17.953 START MOTION ---------
2021-11-08 15:57:26.969 STOP MOTION ----------
2021-11-08 16:08:33.119 START MOTION ---------
2021-11-08 16:08:37.689 STOP MOTION ----------
2021-11-08 16:09:51.851 START MOTION ---------
2021-11-08 16:09:57.990 STOP MOTION ----------
2021-11-08 16:14:46.221 START MOTION ---------
2021-11-08 16:15:12.105 STOP MOTION ----------
2021-11-08 16:23:33.940 START MOTION ---------
2021-11-08 16:23:52.21 STOP MOTION ----------
2021-11-08 16:25:09.945 START MOTION ---------
2021-11-08 16:25:47.883 STOP MOTION ----------
2021-11-08 16:25:50.942 START MOTION ---------
2021-11-08 16:26:07.996 STOP MOTION ----------
2021-11-08 16:26:38.521 START MOTION ---------
2021-11-08 16:26:51.611 STOP MOTION ----------
2021-11-08 16:31:28.926 START MOTION ---------
2021-11-08 16:31:35.727 STOP MOTION ----------
2021-11-08 16:32:17.99 START MOTION ---------
2021-11-08 16:32:22.820 STOP MOTION ----------
2021-11-08 16:33:31.88 START MOTION ---------
2021-11-08 16:33:41.829 STOP MOTION ----------
2021-11-08 16:35:47.978 START MOTION ---------
2021-11-08 16:35:54.25 STOP MOTION ----------
2021-11-08 16:43:05.16 START MOTION ---------
2021-11-08 16:43:23.751 STOP MOTION ----------
2021-11-08 16:49:24.737 START MOTION ---------
2021-11-08 16:49:37.908 STOP MOTION ----------
2021-11-08 16:52:06.275 START MOTION ---------
2021-11-08 16:52:08.779 STOP MOTION ----------
2021-11-08 16:53:52.600 START MOTION ---------
2021-11-08 16:53:57.634 STOP MOTION ----------
2021-11-08 16:55:22.288 START MOTION ---------
2021-11-08 16:55:30.628 STOP MOTION ----------
2021-11-08 16:56:20.477 START MOTION ---------
2021-11-08 16:56:25.413 STOP MOTION ----------
2021-11-08 17:01:10.713 START MOTION ---------
2021-11-08 17:01:14.581 STOP MOTION ----------
2021-11-08 17:01:42.414 START MOTION ---------
2021-11-08 17:01:54.628 STOP MOTION ----------
2021-11-08 17:02:34.364 START MOTION ---------
2021-11-08 17:02:40.490 STOP MOTION ----------
2021-11-08 17:09:38.999 START MOTION ---------
2021-11-08 17:09:49.875 STOP MOTION ----------
2021-11-08 17:18:25.215 START MOTION ---------
2021-11-08 17:18:30.252 STOP MOTION ----------
2021-11-08 17:27:24.821 START MOTION ---------
2021-11-08 17:27:27.611 STOP MOTION ----------
2021-11-08 17:31:14.705 START MOTION ---------
2021-11-08 17:31:47.730 STOP MOTION ----------
2021-11-08 17:44:32.276 START MOTION ---------
2021-11-08 17:44:39.226 STOP MOTION ----------
2021-11-08 17:58:44.397 START MOTION ---------
2021-11-08 17:58:52.218 STOP MOTION ----------
2021-11-08 18:02:29.865 START MOTION ---------
2021-11-08 18:03:30.647 STOP MOTION ----------
2021-11-08 18:03:33.77 START MOTION ---------
no key frame found -> close output file
2021-11-08 18:03:53.295 STOP MOTION ----------
2021-11-08 18:04:08.571 START MOTION ---------
2021-11-08 18:04:31.202 STOP MOTION ----------
2021-11-08 18:06:28.620 START MOTION ---------
2021-11-08 18:06:32.240 STOP MOTION ----------
2021-11-08 18:10:52.673 START MOTION ---------
2021-11-08 18:10:58.741 STOP MOTION ----------
2021-11-08 18:26:14.710 START MOTION ---------
2021-11-08 18:26:51.94 STOP MOTION ----------
2021-11-08 18:29:02.415 START MOTION ---------
2021-11-08 18:29:09.212 STOP MOTION ----------
2021-11-08 18:43:48.809 START MOTION ---------
2021-11-08 18:43:52.462 STOP MOTION ----------
2021-11-08 18:55:07.726 START MOTION ---------
2021-11-08 18:55:14.263 STOP MOTION ----------
2021-11-08 18:55:18.985 START MOTION ---------
2021-11-08 18:55:27.545 STOP MOTION ----------
2021-11-08 18:59:26.939 START MOTION ---------
2021-11-08 18:59:45.334 STOP MOTION ----------
2021-11-08 19:03:55.628 START MOTION ---------
2021-11-08 19:04:00.425 STOP MOTION ----------
2021-11-08 19:04:03.705 START MOTION ---------
2021-11-08 19:04:27.931 STOP MOTION ----------
2021-11-08 19:25:55.818 START MOTION ---------
2021-11-08 19:26:03.184 STOP MOTION ----------
2021-11-08 19:28:20.117 START MOTION ---------
2021-11-08 19:28:47.660 STOP MOTION ----------
2021-11-08 19:29:34.673 START MOTION ---------
2021-11-08 19:29:57.331 STOP MOTION ----------
2021-11-08 19:33:13.358 START MOTION ---------
2021-11-08 19:33:29.48 STOP MOTION ----------
2021-11-08 19:39:36.183 START MOTION ---------
2021-11-08 19:39:42.310 STOP MOTION ----------
2021-11-08 19:41:49.605 START MOTION ---------
2021-11-08 19:42:13.990 STOP MOTION ----------
2021-11-08 19:50:44.659 START MOTION ---------
2021-11-08 19:51:24.797 STOP MOTION ----------
2021-11-08 19:52:39.910 START MOTION ---------
2021-11-08 19:52:50.955 STOP MOTION ----------
2021-11-08 19:53:42.47 START MOTION ---------
2021-11-08 19:53:47.448 STOP MOTION ----------
2021-11-08 20:07:18.731 START MOTION ---------
2021-11-08 20:07:29.521 STOP MOTION ----------
2021-11-08 20:35:27.670 START MOTION ---------
2021-11-08 20:35:35.199 STOP MOTION ----------
restart motion process
send SIGUSR1 to 9817
wait 5 sec for process to finish
SIGUSR1 received

2021-11-09 03:00:01.380 SIGUSR1 received, terminating video processing
[22;31m2021-11-09 03:00:01.380 Terminate application
[0m2021-11-09 03:00:01.380 Waiting for worker threads to join
2021-11-09 03:00:01.409 Motion detection thread joined
2021-11-09 03:00:01.409 Write packets thread joined
