Log saved to: /home/pi/2021-11-10_03h00m06s.log
Device manager connected to 192.168.1.10
Camera time set to: 2021-11-10 03:00:07
Device manager disconnected
Path to clean from old video files: /home/pi
2021-11-10 03:00:09.841 Open video input: rtsp://admin:@192.168.1.10
2021-11-10 03:00:10.842 Send SIGUSR1 to PID 21793 to terminate video processing
2021-11-10 03:00:12.326 Queue of size: 35 discharged at 3.92303 sec
2021-11-10 03:03:12.81 START MOTION ---------
2021-11-10 03:03:14.720 STOP MOTION ----------
2021-11-10 03:03:41.596 START MOTION ---------
2021-11-10 03:04:39.847 STOP MOTION ----------
2021-11-10 03:08:50.502 START MOTION ---------
2021-11-10 03:08:58.921 STOP MOTION ----------
2021-11-10 04:26:37.897 START MOTION ---------
2021-11-10 04:26:46.762 STOP MOTION ----------
2021-11-10 05:27:09.498 START MOTION ---------
2021-11-10 05:27:14.777 STOP MOTION ----------
2021-11-10 05:27:25.174 START MOTION ---------
2021-11-10 05:28:21.957 STOP MOTION ----------
2021-11-10 06:18:18.150 START MOTION ---------
2021-11-10 06:18:24.479 STOP MOTION ----------
2021-11-10 06:30:49.174 START MOTION ---------
2021-11-10 06:30:57.236 STOP MOTION ----------
2021-11-10 06:34:27.150 START MOTION ---------
2021-11-10 06:34:37.444 STOP MOTION ----------
2021-11-10 06:58:03.956 START MOTION ---------
2021-11-10 06:58:29.94 STOP MOTION ----------
2021-11-10 06:58:38.302 START MOTION ---------
2021-11-10 06:58:56.766 STOP MOTION ----------
2021-11-10 07:01:08.906 START MOTION ---------
2021-11-10 07:01:18.658 STOP MOTION ----------
2021-11-10 07:04:38.790 START MOTION ---------
2021-11-10 07:04:41.578 STOP MOTION ----------
2021-11-10 07:05:36.873 START MOTION ---------
2021-11-10 07:05:43.253 STOP MOTION ----------
2021-11-10 07:15:09.770 START MOTION ---------
2021-11-10 07:15:21.36 STOP MOTION ----------
2021-11-10 07:19:16.691 START MOTION ---------
2021-11-10 07:19:22.809 STOP MOTION ----------
2021-11-10 07:19:36.488 START MOTION ---------
2021-11-10 07:19:56.555 STOP MOTION ----------
2021-11-10 07:20:04.34 START MOTION ---------
2021-11-10 07:20:09.14 STOP MOTION ----------
2021-11-10 07:20:40.460 START MOTION ---------
2021-11-10 07:20:51.46 STOP MOTION ----------
2021-11-10 07:21:41.833 START MOTION ---------
2021-11-10 07:21:45.917 STOP MOTION ----------
2021-11-10 07:31:43.697 START MOTION ---------
2021-11-10 07:31:48.765 STOP MOTION ----------
2021-11-10 07:33:41.42 START MOTION ---------
2021-11-10 07:33:45.647 STOP MOTION ----------
2021-11-10 07:39:22.515 START MOTION ---------
2021-11-10 07:39:25.710 STOP MOTION ----------
2021-11-10 07:42:11.727 START MOTION ---------
2021-11-10 07:42:13.645 STOP MOTION ----------
2021-11-10 07:42:19.972 START MOTION ---------
2021-11-10 07:42:27.673 STOP MOTION ----------
2021-11-10 07:45:35.920 START MOTION ---------
2021-11-10 07:45:39.696 STOP MOTION ----------
2021-11-10 07:47:32.208 START MOTION ---------
2021-11-10 07:47:39.633 STOP MOTION ----------
2021-11-10 07:48:14.634 START MOTION ---------
2021-11-10 07:48:18.888 STOP MOTION ----------
2021-11-10 07:52:38.715 START MOTION ---------
2021-11-10 07:52:42.715 STOP MOTION ----------
2021-11-10 07:56:25.551 START MOTION ---------
2021-11-10 07:56:31.637 STOP MOTION ----------
2021-11-10 07:59:54.561 START MOTION ---------
2021-11-10 08:00:04.201 STOP MOTION ----------
2021-11-10 08:02:39.733 START MOTION ---------
2021-11-10 08:02:53.740 STOP MOTION ----------
2021-11-10 08:04:00.267 START MOTION ---------
2021-11-10 08:04:12.171 STOP MOTION ----------
2021-11-10 08:04:23.725 START MOTION ---------
2021-11-10 08:04:32.604 STOP MOTION ----------
2021-11-10 08:15:31.443 START MOTION ---------
2021-11-10 08:15:38.309 STOP MOTION ----------
2021-11-10 08:16:10.548 START MOTION ---------
2021-11-10 08:16:16.380 STOP MOTION ----------
2021-11-10 08:21:21.262 START MOTION ---------
2021-11-10 08:21:24.337 STOP MOTION ----------
2021-11-10 08:45:53.875 START MOTION ---------
2021-11-10 08:45:58.873 STOP MOTION ----------
2021-11-10 09:03:39.916 START MOTION ---------
2021-11-10 09:03:44.864 STOP MOTION ----------
2021-11-10 09:13:04.912 START MOTION ---------
2021-11-10 09:13:16.551 STOP MOTION ----------
2021-11-10 09:13:18.870 START MOTION ---------
2021-11-10 09:13:21.96 STOP MOTION ----------
2021-11-10 09:20:26.558 START MOTION ---------
2021-11-10 09:20:37.683 STOP MOTION ----------
2021-11-10 09:40:07.378 START MOTION ---------
2021-11-10 09:40:15.503 STOP MOTION ----------
2021-11-10 09:43:36.234 START MOTION ---------
2021-11-10 09:43:40.590 STOP MOTION ----------
2021-11-10 09:49:16.612 START MOTION ---------
2021-11-10 09:49:18.767 STOP MOTION ----------
2021-11-10 09:55:37.121 START MOTION ---------
2021-11-10 09:55:41.233 STOP MOTION ----------
2021-11-10 10:01:31.704 START MOTION ---------
2021-11-10 10:01:34.539 STOP MOTION ----------
2021-11-10 10:14:00.70 START MOTION ---------
2021-11-10 10:14:10.150 STOP MOTION ----------
2021-11-10 10:14:13.316 START MOTION ---------
2021-11-10 10:14:16.348 STOP MOTION ----------
2021-11-10 10:14:56.74 START MOTION ---------
2021-11-10 10:15:09.952 STOP MOTION ----------
2021-11-10 10:16:57.496 START MOTION ---------
2021-11-10 10:17:05.203 STOP MOTION ----------
2021-11-10 10:46:46.948 START MOTION ---------
2021-11-10 10:46:50.573 STOP MOTION ----------
2021-11-10 10:48:35.786 START MOTION ---------
2021-11-10 10:48:50.971 STOP MOTION ----------
2021-11-10 10:49:13.152 START MOTION ---------
2021-11-10 10:49:23.889 STOP MOTION ----------
2021-11-10 11:06:05.781 START MOTION ---------
2021-11-10 11:06:09.937 STOP MOTION ----------
2021-11-10 11:35:19.720 START MOTION ---------
2021-11-10 11:35:24.289 STOP MOTION ----------
2021-11-10 11:35:41.629 START MOTION ---------
2021-11-10 11:35:45.264 STOP MOTION ----------
2021-11-10 11:36:12.886 START MOTION ---------
2021-11-10 11:36:17.305 STOP MOTION ----------
2021-11-10 11:43:00.611 START MOTION ---------
2021-11-10 11:43:05.503 STOP MOTION ----------
2021-11-10 11:43:09.648 START MOTION ---------
2021-11-10 11:43:21.605 STOP MOTION ----------
2021-11-10 11:43:26.565 START MOTION ---------
2021-11-10 11:43:28.723 STOP MOTION ----------
2021-11-10 11:46:21.301 START MOTION ---------
2021-11-10 11:46:25.689 STOP MOTION ----------
2021-11-10 11:46:32.184 START MOTION ---------
2021-11-10 11:46:36.217 STOP MOTION ----------
2021-11-10 11:47:11.245 START MOTION ---------
2021-11-10 11:47:27.119 STOP MOTION ----------
2021-11-10 11:52:29.645 START MOTION ---------
2021-11-10 11:52:35.283 STOP MOTION ----------
2021-11-10 11:52:46.642 START MOTION ---------
2021-11-10 11:52:48.470 STOP MOTION ----------
2021-11-10 11:58:21.609 START MOTION ---------
2021-11-10 11:58:28.509 STOP MOTION ----------
2021-11-10 12:00:17.219 START MOTION ---------
2021-11-10 12:00:36.331 STOP MOTION ----------
2021-11-10 12:00:52.955 START MOTION ---------
2021-11-10 12:01:07.565 STOP MOTION ----------
2021-11-10 12:01:44.113 START MOTION ---------
2021-11-10 12:01:55.70 STOP MOTION ----------
2021-11-10 12:11:13.474 START MOTION ---------
2021-11-10 12:11:26.103 STOP MOTION ----------
2021-11-10 12:33:52.346 START MOTION ---------
2021-11-10 12:33:57.24 STOP MOTION ----------
2021-11-10 12:35:07.768 START MOTION ---------
2021-11-10 12:35:14.138 STOP MOTION ----------
2021-11-10 13:05:45.911 START MOTION ---------
2021-11-10 13:05:48.790 STOP MOTION ----------
2021-11-10 13:27:24.357 START MOTION ---------
2021-11-10 13:27:33.395 STOP MOTION ----------
2021-11-10 13:28:15.853 START MOTION ---------
2021-11-10 13:28:26.627 STOP MOTION ----------
2021-11-10 13:36:16.636 START MOTION ---------
2021-11-10 13:36:19.465 STOP MOTION ----------
2021-11-10 13:39:20.569 START MOTION ---------
2021-11-10 13:39:27.687 STOP MOTION ----------
2021-11-10 13:50:32.525 START MOTION ---------
2021-11-10 13:50:36.228 STOP MOTION ----------
2021-11-10 13:54:27.509 START MOTION ---------
2021-11-10 13:54:30.67 STOP MOTION ----------
2021-11-10 13:57:00.986 START MOTION ---------
2021-11-10 13:57:39.3 STOP MOTION ----------
2021-11-10 13:57:43.404 START MOTION ---------
2021-11-10 13:57:52.2 STOP MOTION ----------
2021-11-10 13:57:55.474 START MOTION ---------
2021-11-10 13:58:02.202 STOP MOTION ----------
2021-11-10 14:06:56.284 START MOTION ---------
2021-11-10 14:07:00.538 STOP MOTION ----------
2021-11-10 14:07:02.403 START MOTION ---------
no key frame found -> close output file
2021-11-10 14:07:14.349 STOP MOTION ----------
2021-11-10 14:10:48.472 START MOTION ---------
2021-11-10 14:10:52.246 STOP MOTION ----------
2021-11-10 14:17:08.353 START MOTION ---------
2021-11-10 14:17:17.977 STOP MOTION ----------
2021-11-10 14:37:12.811 START MOTION ---------
2021-11-10 14:37:36.277 STOP MOTION ----------
2021-11-10 14:39:17.564 START MOTION ---------
2021-11-10 14:39:27.20 STOP MOTION ----------
2021-11-10 14:48:04.26 START MOTION ---------
2021-11-10 14:48:20.632 STOP MOTION ----------
2021-11-10 14:48:32.509 START MOTION ---------
2021-11-10 14:48:48.564 STOP MOTION ----------
2021-11-10 14:54:59.77 START MOTION ---------
2021-11-10 14:55:03.533 STOP MOTION ----------
2021-11-10 14:56:39.755 START MOTION ---------
2021-11-10 14:56:46.917 STOP MOTION ----------
2021-11-10 14:56:52.64 START MOTION ---------
2021-11-10 14:56:57.794 STOP MOTION ----------
2021-11-10 15:08:41.484 START MOTION ---------
2021-11-10 15:08:54.518 STOP MOTION ----------
2021-11-10 15:10:04.628 START MOTION ---------
2021-11-10 15:10:15.274 STOP MOTION ----------
2021-11-10 15:14:37.636 START MOTION ---------
2021-11-10 15:15:01.472 STOP MOTION ----------
2021-11-10 15:24:52.412 START MOTION ---------
2021-11-10 15:25:05.222 STOP MOTION ----------
2021-11-10 15:34:28.591 START MOTION ---------
2021-11-10 15:35:01.293 STOP MOTION ----------
2021-11-10 15:35:49.710 START MOTION ---------
2021-11-10 15:36:00.561 STOP MOTION ----------
2021-11-10 15:36:03.161 START MOTION ---------
2021-11-10 15:36:05.363 STOP MOTION ----------
2021-11-10 15:36:09.602 START MOTION ---------
2021-11-10 15:36:14.521 STOP MOTION ----------
2021-11-10 15:36:23.52 START MOTION ---------
2021-11-10 15:36:26.518 STOP MOTION ----------
2021-11-10 15:49:08.595 START MOTION ---------
2021-11-10 15:49:12.454 STOP MOTION ----------
2021-11-10 16:11:59.958 START MOTION ---------
2021-11-10 16:12:11.729 STOP MOTION ----------
2021-11-10 16:19:15.704 START MOTION ---------
2021-11-10 16:19:19.260 STOP MOTION ----------
2021-11-10 16:21:08.194 START MOTION ---------
2021-11-10 16:21:23.328 STOP MOTION ----------
2021-11-10 16:21:26.113 START MOTION ---------
2021-11-10 16:21:34.871 STOP MOTION ----------
2021-11-10 16:21:56.188 START MOTION ---------
2021-11-10 16:22:04.857 STOP MOTION ----------
2021-11-10 16:22:54.818 START MOTION ---------
2021-11-10 16:23:12.167 STOP MOTION ----------
2021-11-10 16:25:33.267 START MOTION ---------
2021-11-10 16:25:37.714 STOP MOTION ----------
2021-11-10 16:26:21.59 START MOTION ---------
2021-11-10 16:26:36.39 STOP MOTION ----------
2021-11-10 16:29:47.714 START MOTION ---------
2021-11-10 16:29:50.827 STOP MOTION ----------
2021-11-10 16:44:39.996 START MOTION ---------
2021-11-10 16:44:45.24 STOP MOTION ----------
2021-11-10 16:45:38.129 START MOTION ---------
2021-11-10 16:45:44.866 STOP MOTION ----------
2021-11-10 16:45:51.958 START MOTION ---------
2021-11-10 16:45:55.732 STOP MOTION ----------
2021-11-10 16:47:01.582 START MOTION ---------
2021-11-10 16:47:07.886 STOP MOTION ----------
2021-11-10 16:53:16.443 START MOTION ---------
2021-11-10 16:53:22.794 STOP MOTION ----------
2021-11-10 16:56:15.852 START MOTION ---------
2021-11-10 16:56:22.561 STOP MOTION ----------
2021-11-10 17:04:06.297 START MOTION ---------
2021-11-10 17:04:21.86 STOP MOTION ----------
2021-11-10 17:05:17.641 START MOTION ---------
2021-11-10 17:05:34.918 STOP MOTION ----------
2021-11-10 17:08:02.819 START MOTION ---------
2021-11-10 17:08:12.624 STOP MOTION ----------
2021-11-10 17:20:24.52 START MOTION ---------
2021-11-10 17:20:42.368 STOP MOTION ----------
2021-11-10 17:29:02.935 START MOTION ---------
2021-11-10 17:29:09.662 STOP MOTION ----------
2021-11-10 17:38:02.57 START MOTION ---------
2021-11-10 17:38:06.471 STOP MOTION ----------
2021-11-10 17:39:32.389 START MOTION ---------
2021-11-10 17:39:37.433 STOP MOTION ----------
2021-11-10 17:39:57.570 START MOTION ---------
2021-11-10 17:41:15.908 STOP MOTION ----------
2021-11-10 17:41:27.650 START MOTION ---------
2021-11-10 17:41:42.115 STOP MOTION ----------
2021-11-10 17:41:52.365 START MOTION ---------
2021-11-10 17:42:15.60 STOP MOTION ----------
2021-11-10 17:42:35.952 START MOTION ---------
2021-11-10 17:42:45.225 STOP MOTION ----------
2021-11-10 17:47:16.713 START MOTION ---------
2021-11-10 17:47:54.530 STOP MOTION ----------
2021-11-10 18:01:57.288 START MOTION ---------
2021-11-10 18:02:11.535 STOP MOTION ----------
2021-11-10 18:03:01.596 START MOTION ---------
2021-11-10 18:03:07.445 STOP MOTION ----------
2021-11-10 18:04:31.206 START MOTION ---------
2021-11-10 18:04:43.502 STOP MOTION ----------
2021-11-10 18:08:43.868 START MOTION ---------
2021-11-10 18:08:46.267 STOP MOTION ----------
2021-11-10 18:25:00.776 START MOTION ---------
2021-11-10 18:25:10.682 STOP MOTION ----------
2021-11-10 18:33:36.559 START MOTION ---------
2021-11-10 18:33:44.855 STOP MOTION ----------
2021-11-10 18:37:38.32 START MOTION ---------
2021-11-10 18:37:44.430 STOP MOTION ----------
2021-11-10 18:39:11.120 START MOTION ---------
2021-11-10 18:39:17.528 STOP MOTION ----------
2021-11-10 18:56:57.298 START MOTION ---------
2021-11-10 18:57:06.398 STOP MOTION ----------
2021-11-10 19:06:40.156 START MOTION ---------
2021-11-10 19:06:55.911 STOP MOTION ----------
2021-11-10 19:07:11.122 START MOTION ---------
2021-11-10 19:07:23.116 STOP MOTION ----------
2021-11-10 19:09:07.663 START MOTION ---------
2021-11-10 19:09:11.254 STOP MOTION ----------
2021-11-10 19:13:45.941 START MOTION ---------
2021-11-10 19:14:07.687 STOP MOTION ----------
2021-11-10 19:14:10.646 START MOTION ---------
no key frame found -> close output file
2021-11-10 19:14:57.198 STOP MOTION ----------
2021-11-10 19:15:27.529 START MOTION ---------
2021-11-10 19:15:34.798 STOP MOTION ----------
2021-11-10 19:16:03.592 START MOTION ---------
2021-11-10 19:16:08.468 STOP MOTION ----------
2021-11-10 19:20:03.507 START MOTION ---------
2021-11-10 19:20:10.272 STOP MOTION ----------
2021-11-10 19:21:59.304 START MOTION ---------
2021-11-10 19:22:14.334 STOP MOTION ----------
2021-11-10 19:22:52.101 START MOTION ---------
2021-11-10 19:22:58.41 STOP MOTION ----------
2021-11-10 19:24:29.45 START MOTION ---------
2021-11-10 19:25:22.556 STOP MOTION ----------
2021-11-10 19:26:58.943 START MOTION ---------
2021-11-10 19:27:04.292 STOP MOTION ----------
2021-11-10 19:42:03.125 START MOTION ---------
2021-11-10 19:42:11.916 STOP MOTION ----------
2021-11-10 19:43:06.318 START MOTION ---------
2021-11-10 19:43:30.624 STOP MOTION ----------
2021-11-10 19:49:13.775 START MOTION ---------
2021-11-10 19:49:26.671 STOP MOTION ----------
