Log saved to: /home/pi/2021-11-16_03h00m06s.log
Device manager connected to 192.168.1.10
Camera time set to: 2021-11-16 03:00:06
Device manager disconnected
Path to clean from old video files: /home/pi
Remove /home/pi/2021-11-08_03h00m32s.mp4
Remove /home/pi/2021-11-08_04h10m47s.mp4
Remove /home/pi/2021-11-08_05h34m13s.mp4
Remove /home/pi/2021-11-08_05h45m37s.mp4
Remove /home/pi/2021-11-08_06h55m49s.mp4
Remove /home/pi/2021-11-08_06h56m22s.mp4
Remove /home/pi/2021-11-08_07h00m03s.mp4
Remove /home/pi/2021-11-08_07h00m46s.mp4
Remove /home/pi/2021-11-08_07h01m37s.mp4
Remove /home/pi/2021-11-08_07h06m39s.mp4
Remove /home/pi/2021-11-08_07h11m40s.mp4
Remove /home/pi/2021-11-08_07h14m24s.mp4
Remove /home/pi/2021-11-08_07h15m40s.mp4
Remove /home/pi/2021-11-08_07h18m09s.mp4
Remove /home/pi/2021-11-08_07h18m36s.mp4
Remove /home/pi/2021-11-08_07h19m01s.mp4
Remove /home/pi/2021-11-08_07h23m57s.mp4
Remove /home/pi/2021-11-08_07h25m45s.mp4
Remove /home/pi/2021-11-08_07h33m34s.mp4
Remove /home/pi/2021-11-08_07h36m38s.mp4
Remove /home/pi/2021-11-08_07h38m09s.mp4
Remove /home/pi/2021-11-08_07h39m01s.mp4
Remove /home/pi/2021-11-08_07h39m07s.mp4
Remove /home/pi/2021-11-08_07h42m32s.mp4
Remove /home/pi/2021-11-08_07h42m53s.mp4
Remove /home/pi/2021-11-08_07h59m16s.mp4
Remove /home/pi/2021-11-08_08h00m10s.mp4
Remove /home/pi/2021-11-08_08h07m30s.mp4
Remove /home/pi/2021-11-08_08h08m20s.mp4
Remove /home/pi/2021-11-08_08h14m23s.mp4
Remove /home/pi/2021-11-08_08h26m25s.mp4
Remove /home/pi/2021-11-08_08h33m06s.mp4
Remove /home/pi/2021-11-08_08h38m41s.mp4
Remove /home/pi/2021-11-08_08h49m08s.mp4
Remove /home/pi/2021-11-08_08h51m41s.mp4
Remove /home/pi/2021-11-08_08h54m36s.mp4
Remove /home/pi/2021-11-08_09h08m34s.mp4
Remove /home/pi/2021-11-08_09h10m17s.mp4
Remove /home/pi/2021-11-08_09h17m46s.mp4
Remove /home/pi/2021-11-08_09h46m29s.mp4
Remove /home/pi/2021-11-08_09h50m22s.mp4
Remove /home/pi/2021-11-08_09h57m10s.mp4
Remove /home/pi/2021-11-08_09h57m25s.mp4
Remove /home/pi/2021-11-08_09h58m00s.mp4
Remove /home/pi/2021-11-08_09h58m06s.mp4
Remove /home/pi/2021-11-08_09h58m23s.mp4
Remove /home/pi/2021-11-08_09h59m00s.mp4
Remove /home/pi/2021-11-08_09h59m25s.mp4
Remove /home/pi/2021-11-08_10h01m37s.mp4
Remove /home/pi/2021-11-08_10h03m38s.mp4
Remove /home/pi/2021-11-08_10h06m05s.mp4
Remove /home/pi/2021-11-08_10h23m33s.mp4
Remove /home/pi/2021-11-08_10h23m42s.mp4
Remove /home/pi/2021-11-08_10h31m36s.mp4
Remove /home/pi/2021-11-08_10h47m14s.mp4
Remove /home/pi/2021-11-08_10h48m46s.mp4
Remove /home/pi/2021-11-08_10h49m01s.mp4
Remove /home/pi/2021-11-08_10h49m18s.mp4
Remove /home/pi/2021-11-08_11h06m35s.mp4
Remove /home/pi/2021-11-08_11h30m45s.mp4
Remove /home/pi/2021-11-08_11h30m52s.mp4
Remove /home/pi/2021-11-08_12h06m55s.mp4
Remove /home/pi/2021-11-08_12h07m32s.mp4
Remove /home/pi/2021-11-08_12h07m44s.mp4
Remove /home/pi/2021-11-08_12h18m22s.mp4
Remove /home/pi/2021-11-08_12h21m26s.mp4
Remove /home/pi/2021-11-08_12h26m52s.mp4
Remove /home/pi/2021-11-08_12h49m43s.mp4
Remove /home/pi/2021-11-08_12h49m49s.mp4
Remove /home/pi/2021-11-08_12h50m25s.mp4
Remove /home/pi/2021-11-08_12h56m02s.mp4
Remove /home/pi/2021-11-08_12h57m53s.mp4
Remove /home/pi/2021-11-08_12h58m05s.mp4
Remove /home/pi/2021-11-08_13h03m06s.mp4
Remove /home/pi/2021-11-08_13h10m56s.mp4
Remove /home/pi/2021-11-08_13h18m04s.mp4
Remove /home/pi/2021-11-08_13h19m11s.mp4
Remove /home/pi/2021-11-08_13h23m52s.mp4
Remove /home/pi/2021-11-08_13h30m26s.mp4
Remove /home/pi/2021-11-08_13h31m08s.mp4
Remove /home/pi/2021-11-08_13h34m46s.mp4
Remove /home/pi/2021-11-08_13h35m29s.mp4
Remove /home/pi/2021-11-08_13h36m28s.mp4
Remove /home/pi/2021-11-08_13h45m15s.mp4
Remove /home/pi/2021-11-08_13h52m54s.mp4
Remove /home/pi/2021-11-08_13h53m08s.mp4
Remove /home/pi/2021-11-08_13h53m27s.mp4
Remove /home/pi/2021-11-08_13h54m02s.mp4
Remove /home/pi/2021-11-08_13h54m32s.mp4
Remove /home/pi/2021-11-08_14h01m08s.mp4
Remove /home/pi/2021-11-08_14h07m21s.mp4
Remove /home/pi/2021-11-08_14h36m33s.mp4
Remove /home/pi/2021-11-08_14h52m17s.mp4
Remove /home/pi/2021-11-08_15h10m19s.mp4
Remove /home/pi/2021-11-08_15h12m31s.mp4
Remove /home/pi/2021-11-08_15h13m25s.mp4
Remove /home/pi/2021-11-08_15h21m59s.mp4
Remove /home/pi/2021-11-08_15h22m14s.mp4
Remove /home/pi/2021-11-08_15h24m12s.mp4
Remove /home/pi/2021-11-08_15h36m38s.mp4
Remove /home/pi/2021-11-08_15h38m25s.mp4
Remove /home/pi/2021-11-08_15h40m58s.mp4
Remove /home/pi/2021-11-08_15h41m28s.mp4
Remove /home/pi/2021-11-08_15h42m29s.mp4
Remove /home/pi/2021-11-08_15h43m16s.mp4
Remove /home/pi/2021-11-08_15h44m22s.mp4
Remove /home/pi/2021-11-08_15h45m11s.mp4
Remove /home/pi/2021-11-08_15h52m56s.mp4
Remove /home/pi/2021-11-08_15h55m54s.mp4
Remove /home/pi/2021-11-08_15h57m17s.mp4
Remove /home/pi/2021-11-08_16h08m33s.mp4
Remove /home/pi/2021-11-08_16h09m51s.mp4
Remove /home/pi/2021-11-08_16h14m46s.mp4
Remove /home/pi/2021-11-08_16h23m33s.mp4
Remove /home/pi/2021-11-08_16h25m09s.mp4
Remove /home/pi/2021-11-08_16h25m50s.mp4
Remove /home/pi/2021-11-08_16h26m38s.mp4
Remove /home/pi/2021-11-08_16h31m28s.mp4
Remove /home/pi/2021-11-08_16h32m17s.mp4
Remove /home/pi/2021-11-08_16h33m31s.mp4
Remove /home/pi/2021-11-08_16h35m47s.mp4
Remove /home/pi/2021-11-08_16h43m05s.mp4
Remove /home/pi/2021-11-08_16h49m24s.mp4
Remove /home/pi/2021-11-08_16h52m06s.mp4
Remove /home/pi/2021-11-08_16h53m52s.mp4
Remove /home/pi/2021-11-08_16h55m22s.mp4
Remove /home/pi/2021-11-08_16h56m20s.mp4
Remove /home/pi/2021-11-08_17h01m10s.mp4
Remove /home/pi/2021-11-08_17h01m42s.mp4
Remove /home/pi/2021-11-08_17h02m34s.mp4
Remove /home/pi/2021-11-08_17h09m38s.mp4
Remove /home/pi/2021-11-08_17h18m25s.mp4
Remove /home/pi/2021-11-08_17h27m24s.mp4
Remove /home/pi/2021-11-08_17h31m14s.mp4
Remove /home/pi/2021-11-08_17h44m32s.mp4
Remove /home/pi/2021-11-08_17h58m44s.mp4
Remove /home/pi/2021-11-08_18h02m29s.mp4
Remove /home/pi/2021-11-08_18h03m33s.mp4
Remove /home/pi/2021-11-08_18h04m08s.mp4
Remove /home/pi/2021-11-08_18h06m28s.mp4
Remove /home/pi/2021-11-08_18h10m52s.mp4
Remove /home/pi/2021-11-08_18h26m14s.mp4
Remove /home/pi/2021-11-08_18h29m02s.mp4
Remove /home/pi/2021-11-08_18h43m48s.mp4
Remove /home/pi/2021-11-08_18h55m07s.mp4
Remove /home/pi/2021-11-08_18h55m18s.mp4
Remove /home/pi/2021-11-08_18h59m26s.mp4
Remove /home/pi/2021-11-08_19h03m55s.mp4
Remove /home/pi/2021-11-08_19h04m03s.mp4
Remove /home/pi/2021-11-08_19h25m55s.mp4
Remove /home/pi/2021-11-08_19h28m20s.mp4
Remove /home/pi/2021-11-08_19h29m34s.mp4
Remove /home/pi/2021-11-08_19h33m13s.mp4
Remove /home/pi/2021-11-08_19h39m36s.mp4
Remove /home/pi/2021-11-08_19h41m49s.mp4
Remove /home/pi/2021-11-08_19h50m44s.mp4
Remove /home/pi/2021-11-08_19h52m39s.mp4
Remove /home/pi/2021-11-08_19h53m42s.mp4
Remove /home/pi/2021-11-08_20h07m18s.mp4
Remove /home/pi/2021-11-08_20h35m27s.mp4
2021-11-16 03:00:08.750 Open video input: rtsp://admin:@192.168.1.10
2021-11-16 03:00:09.750 Send SIGUSR1 to PID 24757 to terminate video processing
2021-11-16 03:00:11.205 Queue of size: 34 discharged at 3.92303 sec
End of file or stream
2021-11-16 03:23:18.762 Video processing discontinued
Reading errors: 1, seconds since last error: 1390
Failed to open input: Invalid data found when processing input
  (../../motion-fast/avreadwrite.cpp:243)
2021-11-16 03:23:23.872Connection timed out, trying to re-connect in 14 sec2021-11-16 03:23:24.872Connection timed out, trying to re-connect in 13 sec2021-11-16 03:23:25.873Connection timed out, trying to re-connect in 12 sec2021-11-16 03:23:26.873Connection timed out, trying to re-connect in 11 sec2021-11-16 03:23:27.873Connection timed out, trying to re-connect in 10 sec2021-11-16 03:23:28.873Connection timed out, trying to re-connect in  9 sec2021-11-16 03:23:29.874Connection timed out, trying to re-connect in  8 sec2021-11-16 03:23:30.874Connection timed out, trying to re-connect in  7 sec2021-11-16 03:23:31.874Connection timed out, trying to re-connect in  6 sec2021-11-16 03:23:32.874Connection timed out, trying to re-connect in  5 sec2021-11-16 03:23:33.875Connection timed out, trying to re-connect in  4 sec2021-11-16 03:23:34.875Connection timed out, trying to re-connect in  3 sec2021-11-16 03:23:35.875Connection timed out, trying to re-connect in  2 sec2021-11-16 03:23:36.875Connection timed out, trying to re-connect in  1 sec2021-11-16 03:23:37.876Connection timed out, trying to re-connect in  0 secRe-connecting ...                                      
[tcp @ 0x1c59fa0] Connection to tcp://192.168.1.10:554?timeout=5000000 failed: Verbindungsaufbau abgelehnt
Failed to open input: Verbindungsaufbau abgelehnt
  (../../motion-fast/avreadwrite.cpp:243)
2021-11-16 03:23:38.878 Failed to open input: rtsp://admin:@192.168.1.10
[22;31m2021-11-16 03:23:38.878 Terminate application
[0m2021-11-16 03:23:38.878 Waiting for worker threads to join
2021-11-16 03:23:38.884 Motion detection thread joined
2021-11-16 03:23:38.885 Write packets thread joined
restart motion process
